<?xml version="1.0" encoding="UTF-8"?>
<!-- Generated by org.testng.reporters.JUnitXMLReporter -->
<testsuite hostname="LGDN14039-W732" name="TC_ARTICLE" tests="5" failures="1" timestamp="8 Jul 2015 01:51:12 GMT" time="189.598" errors="0">
  <testcase name="TC_ARTICLE_003" time="8.204" classname="TestCases.ARTICLE.TC_JOOMLA_ARTICLE_003"/>
  <testcase name="TC_ARTICLE_005" time="10.497" classname="TestCases.ARTICLE.TC_JOOMLA_ARTICLE_005"/>
  <testcase name="TC_ARTICLE_009" time="8.276" classname="TestCases.ARTICLE.TC_JOOMLA_ARTICLE_009"/>
  <testcase name="TC_ARTICLE_012" time="6.788" classname="TestCases.ARTICLE.TC_JOOMLA_ARTICLE_012">
    <failure type="java.lang.AssertionError" message="expected [true] but found [false]">
      <![CDATA[java.lang.AssertionError: expected [true] but found [false]
	at Functions.Abstract_test.verifyTrue(Abstract_test.java:74)
	at TestCases.ARTICLE.TC_JOOMLA_ARTICLE_012.TC_ARTICLE_012(TC_JOOMLA_ARTICLE_012.java:32)
... Removed 28 stack frames]]>
    </failure>
  </testcase> <!-- TC_ARTICLE_012 -->
  <testcase name="TC_ARTICLE_017" time="7.029" classname="TestCases.ARTICLE.TC_JOOMLA_ARTICLE_017"/>
</testsuite> <!-- TC_ARTICLE -->
